2015-06-18T12:33:46+02:00 INFO (6): Caught Exception: Statement could not be executed (HY000 - 1366 - Incorrect decimal value: 'uffg' for column 'price' at row 1) -- File: E:\xampp\htdocs\de\diamond_emporium\module\Inventory\src\Inventory\Model\WeddingringTable.php Line: 56 - superadmin@gmail.com
2015-06-18T12:33:49+02:00 INFO (6): Caught Exception: Statement could not be executed (HY000 - 1366 - Incorrect decimal value: 'uffg' for column 'price' at row 1) -- File: E:\xampp\htdocs\de\diamond_emporium\module\Inventory\src\Inventory\Model\WeddingringTable.php Line: 56 - superadmin@gmail.com
2015-06-18T15:24:35+02:00 INFO (6): Caught Exception: Statement could not be executed (42S22 - 1054 - Unknown column 'chain.stock_code' in 'field list') -- File: E:\xampp\htdocs\de\diamond_emporium\module\Inventory\src\Inventory\Model\ChainTable.php Line: 151 - superadmin@gmail.com
2015-06-18T16:07:21+02:00 INFO (6): Caught Exception: Statement could not be executed (42S22 - 1054 - Unknown column 'wed.stock_code' in 'field list') -- File: E:\xampp\htdocs\de\diamond_emporium\module\Inventory\src\Inventory\Model\WeddingringTable.php Line: 174 - superadmin@gmail.com
2015-06-18T16:07:34+02:00 INFO (6): Caught Exception: Statement could not be executed (42S22 - 1054 - Unknown column 'engage.stock_code' in 'field list') -- File: E:\xampp\htdocs\de\diamond_emporium\module\Inventory\src\Inventory\Model\EngagementringTable.php Line: 180 - superadmin@gmail.com
2015-06-18T16:07:38+02:00 INFO (6): Caught Exception: Statement could not be executed (42S22 - 1054 - Unknown column 'earring.stock_code' in 'field list') -- File: E:\xampp\htdocs\de\diamond_emporium\module\Inventory\src\Inventory\Model\EarringTable.php Line: 175 - superadmin@gmail.com
2015-06-22T13:20:19+02:00 INFO (6): Caught Exception: values() expects an array of values or Zend\Db\Sql\Select instance -- File: E:\xampp\htdocs\de\diamond_emporium\module\Order\src\Order\Model\OrderTable.php Line: 32 - superadmin@gmail.com
2015-06-22T13:20:40+02:00 INFO (6): Caught Exception: values() expects an array of values or Zend\Db\Sql\Select instance -- File: E:\xampp\htdocs\de\diamond_emporium\module\Order\src\Order\Model\OrderTable.php Line: 32 - superadmin@gmail.com
2015-06-22T15:49:38+02:00 INFO (6): Caught Exception: Statement could not be executed (42S22 - 1054 - Unknown column 'd.id' in 'order clause') -- File: E:\xampp\htdocs\de\diamond_emporium\module\Order\src\Order\Model\OrderTable.php Line: 89 - superadmin@gmail.com
2015-06-22T15:55:27+02:00 INFO (6): Caught Exception: Statement could not be executed (42S22 - 1054 - Unknown column 'd.id' in 'order clause') -- File: E:\xampp\htdocs\de\diamond_emporium\module\Order\src\Order\Model\OrderTable.php Line: 89 - superadmin@gmail.com
2015-06-22T15:56:04+02:00 INFO (6): Caught Exception: Statement could not be executed (42S22 - 1054 - Unknown column 'd.id' in 'order clause') -- File: E:\xampp\htdocs\de\diamond_emporium\module\Order\src\Order\Model\OrderTable.php Line: 89 - superadmin@gmail.com
2015-06-22T15:56:12+02:00 INFO (6): Caught Exception: Statement could not be executed (42S22 - 1054 - Unknown column 'd.id' in 'order clause') -- File: E:\xampp\htdocs\de\diamond_emporium\module\Order\src\Order\Model\OrderTable.php Line: 89 - superadmin@gmail.com
2015-06-22T15:57:30+02:00 INFO (6): Caught Exception: Statement could not be executed (42S22 - 1054 - Unknown column 'd.id' in 'order clause') -- File: E:\xampp\htdocs\de\diamond_emporium\module\Order\src\Order\Model\OrderTable.php Line: 89 - superadmin@gmail.com
2015-06-22T15:59:50+02:00 INFO (6): Caught Exception: Statement could not be executed (42S22 - 1054 - Unknown column 'd.id' in 'order clause') -- File: E:\xampp\htdocs\de\diamond_emporium\module\Order\src\Order\Model\OrderTable.php Line: 89 - superadmin@gmail.com
2015-06-23T11:01:31+02:00 INFO (6): Caught Exception: Statement could not be executed (01000 - 1265 - Data truncated for column 'budget' at row 1) -- File: E:\xampp\htdocs\de\diamond_emporium\module\Opportunities\src\Opportunities\Model\OpportunitiesTable.php Line: 128 - superadmin@gmail.com
2015-06-23T11:44:33+02:00 INFO (6): Caught Exception: Statement could not be executed (23000 - 1048 - Column 'attachment' cannot be null) -- File: E:\xampp\htdocs\de\diamond_emporium\module\Order\src\Order\Model\OrderTable.php Line: 31 - superadmin@gmail.com
2015-06-23T13:36:53+02:00 INFO (6): Caught Exception: Statement could not be executed (23000 - 1048 - Column 'attachment' cannot be null) -- File: E:\xampp\htdocs\de\diamond_emporium\module\Order\src\Order\Model\OrderTable.php Line: 31 - superadmin@gmail.com
2015-06-23T13:40:13+02:00 INFO (6): Caught Exception: Statement could not be executed (23000 - 1048 - Column 'attachment' cannot be null) -- File: E:\xampp\htdocs\de\diamond_emporium\module\Order\src\Order\Model\OrderTable.php Line: 31 - superadmin@gmail.com
2015-06-23T14:13:41+02:00 INFO (6): Caught Exception: Statement could not be executed (23000 - 1048 - Column 'attachment' cannot be null) -- File: E:\xampp\htdocs\de\diamond_emporium\module\Order\src\Order\Model\OrderTable.php Line: 31 - superadmin@gmail.com
2015-06-23T14:16:20+02:00 INFO (6): Caught Exception: Statement could not be executed (23000 - 1048 - Column 'attachment' cannot be null) -- File: E:\xampp\htdocs\de\diamond_emporium\module\Order\src\Order\Model\OrderTable.php Line: 33 - superadmin@gmail.com
2015-06-23T14:16:34+02:00 INFO (6): Caught Exception: Statement could not be executed (23000 - 1048 - Column 'attachment' cannot be null) -- File: E:\xampp\htdocs\de\diamond_emporium\module\Order\src\Order\Model\OrderTable.php Line: 33 - superadmin@gmail.com
2015-06-24T10:04:20+02:00 INFO (6): Caught Exception: Statement could not be executed (42S22 - 1054 - Unknown column 'opp.first_name' in 'field list') -- File: E:\xampp\htdocs\de\diamond_emporium\module\Order\src\Order\Model\OrderTable.php Line: 101 - superadmin@gmail.com
2015-06-24T10:09:38+02:00 INFO (6): Caught Exception: Statement could not be executed (42S22 - 1054 - Unknown column 'opp.first_name' in 'field list') -- File: E:\xampp\htdocs\de\diamond_emporium\module\Order\src\Order\Model\OrderTable.php Line: 101 - superadmin@gmail.com
2015-06-24T16:15:06+02:00 INFO (6): Caught Exception: Statement could not be executed (42S22 - 1054 - Unknown column '"`diamond`"' in 'on clause') -- File: E:\xampp\htdocs\de\diamond_emporium\module\Invoice\src\Invoice\Model\InvoiceTable.php Line: 42 - superadmin@gmail.com
2015-06-24T16:18:21+02:00 INFO (6): Caught Exception: Statement could not be executed (42S22 - 1054 - Unknown column 'diamond' in 'on clause') -- File: E:\xampp\htdocs\de\diamond_emporium\module\Invoice\src\Invoice\Model\InvoiceTable.php Line: 42 - superadmin@gmail.com
2015-06-24T16:25:02+02:00 INFO (6): Caught Exception: Statement could not be executed (42S22 - 1054 - Unknown column 'diamond' in 'on clause') -- File: E:\xampp\htdocs\de\diamond_emporium\module\Invoice\src\Invoice\Model\InvoiceTable.php Line: 42 - superadmin@gmail.com
2015-06-24T16:26:03+02:00 INFO (6): Caught Exception: Statement could not be executed (42S22 - 1054 - Unknown column '"`diamond`"' in 'on clause') -- File: E:\xampp\htdocs\de\diamond_emporium\module\Invoice\src\Invoice\Model\InvoiceTable.php Line: 42 - superadmin@gmail.com
2015-06-24T16:26:19+02:00 INFO (6): Caught Exception: Statement could not be executed (42S22 - 1054 - Unknown column '"`diamond`"' in 'on clause') -- File: E:\xampp\htdocs\de\diamond_emporium\module\Invoice\src\Invoice\Model\InvoiceTable.php Line: 42 - superadmin@gmail.com
2015-07-02T11:29:08+02:00 INFO (6): Caught Exception: Statement could not be executed (HY000 - 1364 - Field 'milestones' doesn't have a default value) -- File: C:\xampp\htdocs\diamondEmporium\trunk\diamond_emporium\module\Order\src\Order\Model\JobPacketTable.php Line: 31 - superadmin@gmail.com
2015-07-02T11:29:09+02:00 INFO (6): Caught Exception: Statement could not be executed (HY000 - 1364 - Field 'milestones' doesn't have a default value) -- File: C:\xampp\htdocs\diamondEmporium\trunk\diamond_emporium\module\Order\src\Order\Model\JobPacketTable.php Line: 31 - superadmin@gmail.com
2015-07-02T14:31:17+02:00 INFO (6): Caught Exception: Statement could not be executed (22007 - 1292 - Incorrect date value: '--2015-06-29' for column 'exp_delivery_date' at row 1) -- File: E:\xampp\htdocs\de\diamond_emporium\module\Order\src\Order\Model\OrderTable.php Line: 42 - superadmin@gmail.com
2015-07-02T14:31:49+02:00 INFO (6): Caught Exception: Statement could not be executed (22007 - 1292 - Incorrect date value: '--2015-06-29' for column 'exp_delivery_date' at row 1) -- File: E:\xampp\htdocs\de\diamond_emporium\module\Order\src\Order\Model\OrderTable.php Line: 42 - superadmin@gmail.com
2015-07-02T14:33:01+02:00 INFO (6): Caught Exception: Statement could not be executed (22007 - 1292 - Incorrect date value: '--2015-06-29' for column 'exp_delivery_date' at row 1) -- File: E:\xampp\htdocs\de\diamond_emporium\module\Order\src\Order\Model\OrderTable.php Line: 42 - superadmin@gmail.com
2015-07-02T14:35:43+02:00 INFO (6): Caught Exception: Statement could not be executed (22007 - 1292 - Incorrect date value: '--2015-06-29' for column 'exp_delivery_date' at row 1) -- File: E:\xampp\htdocs\de\diamond_emporium\module\Order\src\Order\Model\OrderTable.php Line: 51 - superadmin@gmail.com
2015-07-02T14:35:57+02:00 INFO (6): Caught Exception: Statement could not be executed (22007 - 1292 - Incorrect date value: '--2015-06-29' for column 'exp_delivery_date' at row 1) -- File: E:\xampp\htdocs\de\diamond_emporium\module\Order\src\Order\Model\OrderTable.php Line: 51 - superadmin@gmail.com
2015-07-02T15:19:10+02:00 INFO (6): Caught Exception: Statement could not be executed (42S22 - 1054 - Unknown column 'o.id' in 'where clause') -- File: E:\xampp\htdocs\de\diamond_emporium\module\Order\src\Order\Model\OrderTable.php Line: 201 - superadmin@gmail.com
2015-07-02T15:49:16+02:00 INFO (6): Caught Exception: Statement could not be executed (42000 - 1064 - You have an error in your SQL syntax; check the manual that corresponds to your MySQL server version for the right syntax to use near 'LIKE '%INV-0011%')' at line 1) -- File: E:\xampp\htdocs\de\diamond_emporium\module\Order\src\Order\Model\OrderTable.php Line: 152 - superadmin@gmail.com
2015-07-02T15:55:45+02:00 INFO (6): Caught Exception: oauth_problem=token_rejected&oauth_problem_advice=The organisation for this access token is not active -- File: E:\xampp\htdocs\de\diamond_emporium\module\Invoice\src\Invoice\Model\Xero.php Line: 248 - superadmin@gmail.com
2015-07-02T15:56:30+02:00 INFO (6): Caught Exception: oauth_problem=token_rejected&oauth_problem_advice=The organisation for this access token is not active -- File: E:\xampp\htdocs\de\diamond_emporium\module\Invoice\src\Invoice\Model\Xero.php Line: 261 - superadmin@gmail.com
2015-07-02T15:59:59+02:00 INFO (6): Caught Exception: oauth_problem=token_rejected&oauth_problem_advice=The organisation for this access token is not active -- File: E:\xampp\htdocs\de\diamond_emporium\module\Invoice\src\Invoice\Model\Xero.php Line: 262 - superadmin@gmail.com
2015-07-02T16:00:05+02:00 INFO (6): Caught Exception: oauth_problem=token_rejected&oauth_problem_advice=The organisation for this access token is not active -- File: E:\xampp\htdocs\de\diamond_emporium\module\Invoice\src\Invoice\Model\Xero.php Line: 249 - superadmin@gmail.com
2015-07-03T08:52:57+02:00 INFO (6): Caught Exception: oauth_problem=token_rejected&oauth_problem_advice=The organisation for this access token is not active -- File: E:\xampp\htdocs\de\diamond_emporium\module\Invoice\src\Invoice\Model\Xero.php Line: 318 - superadmin@gmail.com
2015-07-03T08:52:57+02:00 INFO (6): Caught Exception: Statement could not be executed (42S02 - 1146 - Table 'diamond_emporium.de_orders' doesn't exist) -- File: E:\xampp\htdocs\de\diamond_emporium\module\Order\src\Order\Model\OrderTable.php Line: 151 - superadmin@gmail.com
2015-07-03T08:52:57+02:00 INFO (6): Caught Exception: Statement could not be executed (42S02 - 1146 - Table 'diamond_emporium.de_inventory_diamonds' doesn't exist) -- File: E:\xampp\htdocs\de\diamond_emporium\module\Customer\src\Customer\Model\CustomersTable.php Line: 540 - superadmin@gmail.com
2015-07-03T08:52:57+02:00 INFO (6): Caught Exception: Statement could not be executed (42S02 - 1146 - Table 'diamond_emporium.de_inventory_wedding_rings' doesn't exist) -- File: E:\xampp\htdocs\de\diamond_emporium\module\Customer\src\Customer\Model\CustomersTable.php Line: 540 - superadmin@gmail.com
2015-07-03T08:52:57+02:00 INFO (6): Caught Exception: Statement could not be executed (42S02 - 1146 - Table 'diamond_emporium.de_inventory_engagement_rings' doesn't exist) -- File: E:\xampp\htdocs\de\diamond_emporium\module\Customer\src\Customer\Model\CustomersTable.php Line: 540 - superadmin@gmail.com
2015-07-03T08:52:57+02:00 INFO (6): Caught Exception: Statement could not be executed (42S02 - 1146 - Table 'diamond_emporium.de_inventory_ear_rings' doesn't exist) -- File: E:\xampp\htdocs\de\diamond_emporium\module\Customer\src\Customer\Model\CustomersTable.php Line: 540 - superadmin@gmail.com
2015-07-03T08:52:57+02:00 INFO (6): Caught Exception: Statement could not be executed (42S02 - 1146 - Table 'diamond_emporium.de_inventory_pendants' doesn't exist) -- File: E:\xampp\htdocs\de\diamond_emporium\module\Customer\src\Customer\Model\CustomersTable.php Line: 540 - superadmin@gmail.com
2015-07-03T08:52:57+02:00 INFO (6): Caught Exception: Statement could not be executed (42S02 - 1146 - Table 'diamond_emporium.de_inventory_miscellaneous' doesn't exist) -- File: E:\xampp\htdocs\de\diamond_emporium\module\Customer\src\Customer\Model\CustomersTable.php Line: 540 - superadmin@gmail.com
2015-07-03T08:52:57+02:00 INFO (6): Caught Exception: Statement could not be executed (42S02 - 1146 - Table 'diamond_emporium.de_inventory_chain' doesn't exist) -- File: E:\xampp\htdocs\de\diamond_emporium\module\Customer\src\Customer\Model\CustomersTable.php Line: 540 - superadmin@gmail.com
2015-07-03T08:53:24+02:00 INFO (6): Caught Exception: Statement could not be executed (42S02 - 1146 - Table 'diamond_emporium.de_inventory_diamonds' doesn't exist) -- File: E:\xampp\htdocs\de\diamond_emporium\module\Customer\src\Customer\Model\CustomersTable.php Line: 540 - superadmin@gmail.com
2015-07-03T08:53:24+02:00 INFO (6): Caught Exception: Statement could not be executed (42S02 - 1146 - Table 'diamond_emporium.de_inventory_wedding_rings' doesn't exist) -- File: E:\xampp\htdocs\de\diamond_emporium\module\Customer\src\Customer\Model\CustomersTable.php Line: 540 - superadmin@gmail.com
2015-07-03T08:53:24+02:00 INFO (6): Caught Exception: Statement could not be executed (42S02 - 1146 - Table 'diamond_emporium.de_inventory_engagement_rings' doesn't exist) -- File: E:\xampp\htdocs\de\diamond_emporium\module\Customer\src\Customer\Model\CustomersTable.php Line: 540 - superadmin@gmail.com
2015-07-03T08:53:24+02:00 INFO (6): Caught Exception: Statement could not be executed (42S02 - 1146 - Table 'diamond_emporium.de_inventory_ear_rings' doesn't exist) -- File: E:\xampp\htdocs\de\diamond_emporium\module\Customer\src\Customer\Model\CustomersTable.php Line: 540 - superadmin@gmail.com
2015-07-03T08:53:24+02:00 INFO (6): Caught Exception: Statement could not be executed (42S02 - 1146 - Table 'diamond_emporium.de_inventory_pendants' doesn't exist) -- File: E:\xampp\htdocs\de\diamond_emporium\module\Customer\src\Customer\Model\CustomersTable.php Line: 540 - superadmin@gmail.com
2015-07-03T08:53:24+02:00 INFO (6): Caught Exception: Statement could not be executed (42S02 - 1146 - Table 'diamond_emporium.de_inventory_miscellaneous' doesn't exist) -- File: E:\xampp\htdocs\de\diamond_emporium\module\Customer\src\Customer\Model\CustomersTable.php Line: 540 - superadmin@gmail.com
2015-07-03T08:53:24+02:00 INFO (6): Caught Exception: Statement could not be executed (42S02 - 1146 - Table 'diamond_emporium.de_inventory_chain' doesn't exist) -- File: E:\xampp\htdocs\de\diamond_emporium\module\Customer\src\Customer\Model\CustomersTable.php Line: 540 - superadmin@gmail.com
2015-07-03T08:53:26+02:00 INFO (6): Caught Exception: oauth_problem=token_rejected&oauth_problem_advice=The organisation for this access token is not active -- File: E:\xampp\htdocs\de\diamond_emporium\module\Invoice\src\Invoice\Model\Xero.php Line: 318 - superadmin@gmail.com
2015-07-03T08:53:26+02:00 INFO (6): Caught Exception: Statement could not be executed (42S02 - 1146 - Table 'diamond_emporium.de_orders' doesn't exist) -- File: E:\xampp\htdocs\de\diamond_emporium\module\Order\src\Order\Model\OrderTable.php Line: 151 - superadmin@gmail.com
2015-07-03T08:53:42+02:00 INFO (6): Caught Exception: oauth_problem=token_rejected&oauth_problem_advice=The organisation for this access token is not active -- File: E:\xampp\htdocs\de\diamond_emporium\module\Invoice\src\Invoice\Model\Xero.php Line: 318 - superadmin@gmail.com
2015-07-03T08:53:42+02:00 INFO (6): Caught Exception: Statement could not be executed (42S02 - 1146 - Table 'diamond_emporium.de_orders' doesn't exist) -- File: E:\xampp\htdocs\de\diamond_emporium\module\Order\src\Order\Model\OrderTable.php Line: 151 - superadmin@gmail.com
2015-07-03T08:54:54+02:00 INFO (6): Caught Exception: oauth_problem=token_rejected&oauth_problem_advice=The organisation for this access token is not active -- File: E:\xampp\htdocs\de\diamond_emporium\module\Invoice\src\Invoice\Model\Xero.php Line: 318 - superadmin@gmail.com
2015-07-03T08:54:54+02:00 INFO (6): Caught Exception: Statement could not be executed (42S02 - 1146 - Table 'diamond_emporium.de_orders' doesn't exist) -- File: E:\xampp\htdocs\de\diamond_emporium\module\Order\src\Order\Model\OrderTable.php Line: 151 - superadmin@gmail.com
2015-07-03T08:56:17+02:00 INFO (6): Caught Exception: oauth_problem=token_rejected&oauth_problem_advice=The organisation for this access token is not active -- File: E:\xampp\htdocs\de\diamond_emporium\module\Invoice\src\Invoice\Model\Xero.php Line: 318 - superadmin@gmail.com
2015-07-03T08:57:17+02:00 INFO (6): Caught Exception: oauth_problem=token_rejected&oauth_problem_advice=The organisation for this access token is not active -- File: E:\xampp\htdocs\de\diamond_emporium\module\Invoice\src\Invoice\Model\Xero.php Line: 318 - superadmin@gmail.com
2015-07-03T08:57:17+02:00 INFO (6): Caught Exception: Statement could not be executed (42S02 - 1146 - Table 'diamond_emporium.de_orders' doesn't exist) -- File: E:\xampp\htdocs\de\diamond_emporium\module\Order\src\Order\Model\OrderTable.php Line: 151 - superadmin@gmail.com
2015-07-03T08:58:25+02:00 INFO (6): Caught Exception: oauth_problem=token_rejected&oauth_problem_advice=The organisation for this access token is not active -- File: E:\xampp\htdocs\de\diamond_emporium\module\Invoice\src\Invoice\Model\Xero.php Line: 318 - superadmin@gmail.com
2015-07-03T08:58:25+02:00 INFO (6): Caught Exception: Statement could not be executed (42S02 - 1146 - Table 'diamond_emporium.de_orders' doesn't exist) -- File: E:\xampp\htdocs\de\diamond_emporium\module\Order\src\Order\Model\OrderTable.php Line: 151 - superadmin@gmail.com
2015-07-03T08:58:46+02:00 INFO (6): Caught Exception: oauth_problem=token_rejected&oauth_problem_advice=The organisation for this access token is not active -- File: E:\xampp\htdocs\de\diamond_emporium\module\Invoice\src\Invoice\Model\Xero.php Line: 318 - superadmin@gmail.com
2015-07-03T08:58:46+02:00 INFO (6): Caught Exception: Statement could not be executed (42S02 - 1146 - Table 'diamond_emporium.de_orders' doesn't exist) -- File: E:\xampp\htdocs\de\diamond_emporium\module\Order\src\Order\Model\OrderTable.php Line: 151 - superadmin@gmail.com
2015-07-03T08:59:40+02:00 INFO (6): Caught Exception: oauth_problem=token_rejected&oauth_problem_advice=The organisation for this access token is not active -- File: E:\xampp\htdocs\de\diamond_emporium\module\Invoice\src\Invoice\Model\Xero.php Line: 318 - superadmin@gmail.com
2015-07-03T08:59:47+02:00 INFO (6): Caught Exception: oauth_problem=token_rejected&oauth_problem_advice=The organisation for this access token is not active -- File: E:\xampp\htdocs\de\diamond_emporium\module\Invoice\src\Invoice\Model\Xero.php Line: 318 - superadmin@gmail.com
2015-07-03T08:59:57+02:00 INFO (6): Caught Exception: oauth_problem=token_rejected&oauth_problem_advice=The organisation for this access token is not active -- File: E:\xampp\htdocs\de\diamond_emporium\module\Invoice\src\Invoice\Model\Xero.php Line: 305 - superadmin@gmail.com
2015-07-03T09:01:13+02:00 INFO (6): Caught Exception: oauth_problem=token_rejected&oauth_problem_advice=The organisation for this access token is not active -- File: E:\xampp\htdocs\de\diamond_emporium\module\Invoice\src\Invoice\Model\Xero.php Line: 318 - superadmin@gmail.com
2015-07-03T11:19:12+02:00 INFO (6): Caught Exception: oauth_problem=token_rejected&oauth_problem_advice=The organisation for this access token is not active -- File: E:\xampp\htdocs\de\diamond_emporium\module\Invoice\src\Invoice\Model\Xero.php Line: 305 - superadmin@gmail.com
2015-07-03T11:19:49+02:00 INFO (6): Caught Exception: oauth_problem=token_rejected&oauth_problem_advice=The organisation for this access token is not active -- File: E:\xampp\htdocs\de\diamond_emporium\module\Invoice\src\Invoice\Model\Xero.php Line: 305 - superadmin@gmail.com
2015-07-03T11:20:38+02:00 INFO (6): Caught Exception: oauth_problem=token_rejected&oauth_problem_advice=The organisation for this access token is not active -- File: E:\xampp\htdocs\de\diamond_emporium\module\Invoice\src\Invoice\Model\Xero.php Line: 305 - superadmin@gmail.com
2015-07-03T11:20:38+02:00 INFO (6): Caught Exception: Statement could not be executed (42S22 - 1054 - Unknown column 'inv.item_id' in 'on clause') -- File: E:\xampp\htdocs\de\diamond_emporium\module\Invoice\src\Invoice\Model\InvoiceTable.php Line: 65 - superadmin@gmail.com
2015-07-03T11:20:54+02:00 INFO (6): Caught Exception: Statement could not be executed (42S22 - 1054 - Unknown column 'inv.item_id' in 'on clause') -- File: E:\xampp\htdocs\de\diamond_emporium\module\Invoice\src\Invoice\Model\InvoiceTable.php Line: 65 - superadmin@gmail.com
2015-07-03T11:47:23+02:00 INFO (6): Caught Exception: Statement could not be executed (42S02 - 1146 - Table 'diamond_emporium.users' doesn't exist) -- File: E:\xampp\htdocs\de\diamond_emporium\module\Inventory\src\Inventory\Model\LookupTable.php Line: 319 - superadmin@gmail.com
2015-07-03T11:47:39+02:00 INFO (6): Caught Exception: Statement could not be executed (42S02 - 1146 - Table 'diamond_emporium.users' doesn't exist) -- File: E:\xampp\htdocs\de\diamond_emporium\module\Inventory\src\Inventory\Model\LookupTable.php Line: 319 - superadmin@gmail.com
2015-07-03T11:47:54+02:00 INFO (6): Caught Exception: Statement could not be executed (42S02 - 1146 - Table 'diamond_emporium.users' doesn't exist) -- File: E:\xampp\htdocs\de\diamond_emporium\module\Inventory\src\Inventory\Model\LookupTable.php Line: 319 - superadmin@gmail.com
2015-07-03T11:48:14+02:00 INFO (6): Caught Exception: Statement could not be executed (42S02 - 1146 - Table 'diamond_emporium.users' doesn't exist) -- File: E:\xampp\htdocs\de\diamond_emporium\module\Inventory\src\Inventory\Model\LookupTable.php Line: 319 - superadmin@gmail.com
2015-07-03T11:48:25+02:00 INFO (6): Caught Exception: Statement could not be executed (42S02 - 1146 - Table 'diamond_emporium.users' doesn't exist) -- File: E:\xampp\htdocs\de\diamond_emporium\module\Inventory\src\Inventory\Model\LookupTable.php Line: 319 - superadmin@gmail.com
2015-07-03T11:49:12+02:00 INFO (6): Caught Exception: Statement could not be executed (42S02 - 1146 - Table 'diamond_emporium.users' doesn't exist) -- File: E:\xampp\htdocs\de\diamond_emporium\module\Inventory\src\Inventory\Model\LookupTable.php Line: 319 - superadmin@gmail.com
2015-07-03T11:49:40+02:00 INFO (6): Caught Exception: Statement could not be executed (42S02 - 1146 - Table 'diamond_emporium.users' doesn't exist) -- File: E:\xampp\htdocs\de\diamond_emporium\module\Inventory\src\Inventory\Model\LookupTable.php Line: 319 - superadmin@gmail.com
2015-07-03T11:49:58+02:00 INFO (6): Caught Exception: Statement could not be executed (42S02 - 1146 - Table 'diamond_emporium.users' doesn't exist) -- File: E:\xampp\htdocs\de\diamond_emporium\module\Inventory\src\Inventory\Model\LookupTable.php Line: 319 - superadmin@gmail.com
2015-07-03T11:50:09+02:00 INFO (6): Caught Exception: Statement could not be executed (42S02 - 1146 - Table 'diamond_emporium.users' doesn't exist) -- File: E:\xampp\htdocs\de\diamond_emporium\module\Inventory\src\Inventory\Model\LookupTable.php Line: 319 - superadmin@gmail.com
2015-07-03T11:50:47+02:00 INFO (6): Caught Exception: Statement could not be executed (42S02 - 1146 - Table 'diamond_emporium.users' doesn't exist) -- File: E:\xampp\htdocs\de\diamond_emporium\module\Inventory\src\Inventory\Model\LookupTable.php Line: 319 - superadmin@gmail.com
2015-07-03T11:50:51+02:00 INFO (6): Caught Exception: Statement could not be executed (42S02 - 1146 - Table 'diamond_emporium.users' doesn't exist) -- File: E:\xampp\htdocs\de\diamond_emporium\module\Inventory\src\Inventory\Model\LookupTable.php Line: 319 - superadmin@gmail.com
2015-07-03T13:00:25+02:00 INFO (6): Caught Exception: oauth_problem=token_rejected&oauth_problem_advice=The organisation for this access token is not active -- File: E:\xampp\htdocs\de\diamond_emporium\module\Invoice\src\Invoice\Model\Xero.php Line: 318 - superadmin@gmail.com
2015-07-03T13:33:31+02:00 INFO (6): Caught Exception: $valueSet must be either an array or a Zend\Db\Sql\Select object, string given -- File: E:\xampp\htdocs\de\diamond_emporium\module\Invoice\src\Invoice\Model\InvoiceTable.php Line: 46 - superadmin@gmail.com
2015-07-03T13:33:47+02:00 INFO (6): Caught Exception: $valueSet must be either an array or a Zend\Db\Sql\Select object, string given -- File: E:\xampp\htdocs\de\diamond_emporium\module\Invoice\src\Invoice\Model\InvoiceTable.php Line: 46 - superadmin@gmail.com
2015-07-03T13:34:14+02:00 INFO (6): Caught Exception: $valueSet must be either an array or a Zend\Db\Sql\Select object, string given -- File: E:\xampp\htdocs\de\diamond_emporium\module\Invoice\src\Invoice\Model\InvoiceTable.php Line: 46 - superadmin@gmail.com
2015-07-06T07:55:47+02:00 INFO (6): Caught Exception: oauth_problem=token_rejected&oauth_problem_advice=The organisation for this access token is not active -- File: E:\xampp\htdocs\de\diamond_emporium\module\Invoice\src\Invoice\Model\Xero.php Line: 318 - superadmin@gmail.com
2015-07-06T08:32:50+02:00 INFO (6): Caught Exception: oauth_problem=token_rejected&oauth_problem_advice=The organisation for this access token is not active -- File: E:\xampp\htdocs\de\diamond_emporium\module\Invoice\src\Invoice\Model\Xero.php Line: 318 - superadmin@gmail.com
2015-07-06T14:16:34+02:00 INFO (6): Caught Exception: oauth_problem=token_rejected&oauth_problem_advice=The organisation for this access token is not active -- File: E:\xampp\htdocs\de\diamond_emporium\module\Invoice\src\Invoice\Model\Xero.php Line: 136 - superadmin@gmail.com
2015-07-06T14:30:21+02:00 INFO (6): Caught Exception: oauth_problem=token_rejected&oauth_problem_advice=The organisation for this access token is not active -- File: E:\xampp\htdocs\de\diamond_emporium\module\Invoice\src\Invoice\Model\Xero.php Line: 136 - superadmin@gmail.com
2015-07-06T14:35:28+02:00 INFO (6): Caught Exception: oauth_problem=token_rejected&oauth_problem_advice=The organisation for this access token is not active -- File: E:\xampp\htdocs\de\diamond_emporium\module\Invoice\src\Invoice\Model\Xero.php Line: 444 - superadmin@gmail.com
2015-07-06T14:37:43+02:00 INFO (6): Caught Exception: oauth_problem=token_rejected&oauth_problem_advice=The organisation for this access token is not active -- File: E:\xampp\htdocs\de\diamond_emporium\module\Invoice\src\Invoice\Model\Xero.php Line: 444 - superadmin@gmail.com
2015-07-06T14:43:32+02:00 INFO (6): Caught Exception: oauth_problem=token_rejected&oauth_problem_advice=The organisation for this access token is not active -- File: E:\xampp\htdocs\de\diamond_emporium\module\Invoice\src\Invoice\Model\Xero.php Line: 444 - superadmin@gmail.com
2015-07-06T14:53:46+02:00 INFO (6): Caught Exception: oauth_problem=token_rejected&oauth_problem_advice=The organisation for this access token is not active -- File: E:\xampp\htdocs\de\diamond_emporium\module\Invoice\src\Invoice\Model\Xero.php Line: 444 - superadmin@gmail.com
2015-07-06T15:06:13+02:00 INFO (6): Caught Exception: oauth_problem=token_rejected&oauth_problem_advice=The organisation for this access token is not active -- File: E:\xampp\htdocs\de\diamond_emporium\module\Invoice\src\Invoice\Model\Xero.php Line: 444 - superadmin@gmail.com
2015-07-06T15:06:40+02:00 INFO (6): Caught Exception: oauth_problem=token_rejected&oauth_problem_advice=The organisation for this access token is not active -- File: E:\xampp\htdocs\de\diamond_emporium\module\Invoice\src\Invoice\Model\Xero.php Line: 444 - superadmin@gmail.com
2015-07-06T15:07:35+02:00 INFO (6): Caught Exception: oauth_problem=token_rejected&oauth_problem_advice=The organisation for this access token is not active -- File: E:\xampp\htdocs\de\diamond_emporium\module\Invoice\src\Invoice\Model\Xero.php Line: 444 - superadmin@gmail.com
2015-07-06T15:14:08+02:00 INFO (6): Caught Exception: oauth_problem=token_rejected&oauth_problem_advice=The organisation for this access token is not active -- File: E:\xampp\htdocs\de\diamond_emporium\module\Invoice\src\Invoice\Model\Xero.php Line: 444 - superadmin@gmail.com
2015-07-06T15:15:17+02:00 INFO (6): Caught Exception: oauth_problem=token_rejected&oauth_problem_advice=The organisation for this access token is not active -- File: E:\xampp\htdocs\de\diamond_emporium\module\Invoice\src\Invoice\Model\Xero.php Line: 444 - superadmin@gmail.com
2015-07-06T15:15:20+02:00 INFO (6): Caught Exception: oauth_problem=token_rejected&oauth_problem_advice=The organisation for this access token is not active -- File: E:\xampp\htdocs\de\diamond_emporium\module\Invoice\src\Invoice\Model\Xero.php Line: 444 - superadmin@gmail.com
2015-07-06T15:15:23+02:00 INFO (6): Caught Exception: oauth_problem=token_rejected&oauth_problem_advice=The organisation for this access token is not active -- File: E:\xampp\htdocs\de\diamond_emporium\module\Invoice\src\Invoice\Model\Xero.php Line: 444 - superadmin@gmail.com
2015-07-06T15:15:25+02:00 INFO (6): Caught Exception: oauth_problem=token_rejected&oauth_problem_advice=The organisation for this access token is not active -- File: E:\xampp\htdocs\de\diamond_emporium\module\Invoice\src\Invoice\Model\Xero.php Line: 444 - superadmin@gmail.com
2015-07-06T15:15:28+02:00 INFO (6): Caught Exception: oauth_problem=token_rejected&oauth_problem_advice=The organisation for this access token is not active -- File: E:\xampp\htdocs\de\diamond_emporium\module\Invoice\src\Invoice\Model\Xero.php Line: 444 - superadmin@gmail.com
2015-07-06T15:15:31+02:00 INFO (6): Caught Exception: oauth_problem=token_rejected&oauth_problem_advice=The organisation for this access token is not active -- File: E:\xampp\htdocs\de\diamond_emporium\module\Invoice\src\Invoice\Model\Xero.php Line: 444 - superadmin@gmail.com
2015-07-06T15:15:40+02:00 INFO (6): Caught Exception: oauth_problem=token_rejected&oauth_problem_advice=The organisation for this access token is not active -- File: E:\xampp\htdocs\de\diamond_emporium\module\Invoice\src\Invoice\Model\Xero.php Line: 444 - superadmin@gmail.com
2015-07-06T15:15:42+02:00 INFO (6): Caught Exception: oauth_problem=token_rejected&oauth_problem_advice=The organisation for this access token is not active -- File: E:\xampp\htdocs\de\diamond_emporium\module\Invoice\src\Invoice\Model\Xero.php Line: 444 - superadmin@gmail.com
2015-07-06T15:31:11+02:00 INFO (6): Caught Exception: Role 'admin' not found -- File: E:\xampp\htdocs\de\diamond_emporium\module\AuthACL\src\AuthACL\Controller\Plugin\AuthPlugin.php Line: 105 - testuser1@gmail.com
2015-07-06T15:31:27+02:00 INFO (6): Caught Exception: Role 'admin' not found -- File: E:\xampp\htdocs\de\diamond_emporium\module\AuthACL\src\AuthACL\Controller\Plugin\AuthPlugin.php Line: 105 - testuser1@gmail.com
2015-07-06T15:42:26+02:00 INFO (6): Caught Exception: oauth_problem=token_rejected&oauth_problem_advice=The organisation for this access token is not active -- File: E:\xampp\htdocs\de\diamond_emporium\module\Invoice\src\Invoice\Model\Xero.php Line: 468 - superadmin@gmail.com
2015-07-06T15:44:02+02:00 INFO (6): Caught Exception: oauth_problem=token_rejected&oauth_problem_advice=The organisation for this access token is not active -- File: E:\xampp\htdocs\de\diamond_emporium\module\Invoice\src\Invoice\Model\Xero.php Line: 468 - superadmin@gmail.com
2015-07-06T16:11:19+02:00 INFO (6): Caught Exception: oauth_problem=token_rejected&oauth_problem_advice=The organisation for this access token is not active -- File: E:\xampp\htdocs\de\diamond_emporium\module\Invoice\src\Invoice\Model\Xero.php Line: 444 - superadmin@gmail.com
2015-07-07T07:27:01+02:00 INFO (6): Caught Exception: oauth_problem=token_rejected&oauth_problem_advice=The organisation for this access token is not active -- File: E:\xampp\htdocs\de\diamond_emporium\module\Invoice\src\Invoice\Model\Xero.php Line: 444 - superadmin@gmail.com
2015-07-07T07:32:05+02:00 INFO (6): Caught Exception: oauth_problem=token_rejected&oauth_problem_advice=The organisation for this access token is not active -- File: E:\xampp\htdocs\de\diamond_emporium\module\Invoice\src\Invoice\Model\Xero.php Line: 444 - superadmin@gmail.com
2015-07-07T07:32:32+02:00 INFO (6): Caught Exception: oauth_problem=token_rejected&oauth_problem_advice=The organisation for this access token is not active -- File: E:\xampp\htdocs\de\diamond_emporium\module\Invoice\src\Invoice\Model\Xero.php Line: 444 - superadmin@gmail.com
2015-07-07T07:32:42+02:00 INFO (6): Caught Exception: oauth_problem=token_rejected&oauth_problem_advice=The organisation for this access token is not active -- File: E:\xampp\htdocs\de\diamond_emporium\module\Invoice\src\Invoice\Model\Xero.php Line: 444 - superadmin@gmail.com
2015-07-07T07:35:35+02:00 INFO (6): Caught Exception: oauth_problem=token_rejected&oauth_problem_advice=The organisation for this access token is not active -- File: E:\xampp\htdocs\de\diamond_emporium\module\Invoice\src\Invoice\Model\Xero.php Line: 444 - superadmin@gmail.com
2015-07-07T07:35:41+02:00 INFO (6): Caught Exception: oauth_problem=token_rejected&oauth_problem_advice=The organisation for this access token is not active -- File: E:\xampp\htdocs\de\diamond_emporium\module\Invoice\src\Invoice\Model\Xero.php Line: 444 - superadmin@gmail.com
2015-07-07T07:45:12+02:00 INFO (6): Caught Exception: oauth_problem=token_rejected&oauth_problem_advice=The organisation for this access token is not active -- File: E:\xampp\htdocs\de\diamond_emporium\module\Invoice\src\Invoice\Model\Xero.php Line: 444 - superadmin@gmail.com
2015-07-07T07:46:33+02:00 INFO (6): Caught Exception: oauth_problem=token_rejected&oauth_problem_advice=The organisation for this access token is not active -- File: E:\xampp\htdocs\de\diamond_emporium\module\Invoice\src\Invoice\Model\Xero.php Line: 444 - superadmin@gmail.com
2015-07-07T07:47:02+02:00 INFO (6): Caught Exception: oauth_problem=token_rejected&oauth_problem_advice=The organisation for this access token is not active -- File: E:\xampp\htdocs\de\diamond_emporium\module\Invoice\src\Invoice\Model\Xero.php Line: 444 - superadmin@gmail.com
2015-07-07T07:47:44+02:00 INFO (6): Caught Exception: oauth_problem=token_rejected&oauth_problem_advice=The organisation for this access token is not active -- File: E:\xampp\htdocs\de\diamond_emporium\module\Invoice\src\Invoice\Model\Xero.php Line: 444 - superadmin@gmail.com
2015-07-07T07:48:57+02:00 INFO (6): Caught Exception: oauth_problem=token_rejected&oauth_problem_advice=The organisation for this access token is not active -- File: E:\xampp\htdocs\de\diamond_emporium\module\Invoice\src\Invoice\Model\Xero.php Line: 444 - superadmin@gmail.com
2015-07-07T07:56:16+02:00 INFO (6): Caught Exception: oauth_problem=token_rejected&oauth_problem_advice=The organisation for this access token is not active -- File: E:\xampp\htdocs\de\diamond_emporium\module\Invoice\src\Invoice\Model\Xero.php Line: 444 - superadmin@gmail.com
2015-07-07T07:56:26+02:00 INFO (6): Caught Exception: oauth_problem=token_rejected&oauth_problem_advice=The organisation for this access token is not active -- File: E:\xampp\htdocs\de\diamond_emporium\module\Invoice\src\Invoice\Model\Xero.php Line: 444 - superadmin@gmail.com
2015-07-07T07:59:00+02:00 INFO (6): Caught Exception: oauth_problem=token_rejected&oauth_problem_advice=The organisation for this access token is not active -- File: E:\xampp\htdocs\de\diamond_emporium\module\Invoice\src\Invoice\Model\Xero.php Line: 444 - superadmin@gmail.com
2015-07-07T07:59:40+02:00 INFO (6): Caught Exception: oauth_problem=token_rejected&oauth_problem_advice=The organisation for this access token is not active -- File: E:\xampp\htdocs\de\diamond_emporium\module\Invoice\src\Invoice\Model\Xero.php Line: 444 - superadmin@gmail.com
2015-07-07T08:02:11+02:00 INFO (6): Caught Exception: oauth_problem=token_rejected&oauth_problem_advice=The organisation for this access token is not active -- File: E:\xampp\htdocs\de\diamond_emporium\module\Invoice\src\Invoice\Model\Xero.php Line: 444 - superadmin@gmail.com
2015-07-07T08:02:51+02:00 INFO (6): Caught Exception: oauth_problem=token_rejected&oauth_problem_advice=The organisation for this access token is not active -- File: E:\xampp\htdocs\de\diamond_emporium\module\Invoice\src\Invoice\Model\Xero.php Line: 444 - superadmin@gmail.com
2015-07-07T08:09:37+02:00 INFO (6): Caught Exception: oauth_problem=token_rejected&oauth_problem_advice=The organisation for this access token is not active -- File: E:\xampp\htdocs\de\diamond_emporium\module\Invoice\src\Invoice\Model\Xero.php Line: 444 - superadmin@gmail.com
2015-07-07T08:10:13+02:00 INFO (6): Caught Exception: oauth_problem=token_rejected&oauth_problem_advice=The organisation for this access token is not active -- File: E:\xampp\htdocs\de\diamond_emporium\module\Invoice\src\Invoice\Model\Xero.php Line: 444 - superadmin@gmail.com
2015-07-07T08:16:47+02:00 INFO (6): Caught Exception: Connect Error: SQLSTATE[HY000] [2002] php_network_getaddresses: getaddrinfo failed: No such host is known.  -- File: E:\xampp\htdocs\de\diamond_emporium\module\Customer\src\Customer\Model\CustomersTable.php Line: 349 - superadmin@gmail.com
2015-07-07T08:16:52+02:00 INFO (6): Caught Exception: Connect Error: SQLSTATE[HY000] [2002] php_network_getaddresses: getaddrinfo failed: No such host is known.  -- File: E:\xampp\htdocs\de\diamond_emporium\module\Customer\src\Customer\Model\CustomersTable.php Line: 367 - superadmin@gmail.com
2015-07-07T08:17:06+02:00 INFO (6): Caught Exception: Connect Error: SQLSTATE[HY000] [2002] php_network_getaddresses: getaddrinfo failed: No such host is known.  -- File: E:\xampp\htdocs\de\diamond_emporium\module\Customer\src\Customer\Model\CustomersTable.php Line: 434 - superadmin@gmail.com
2015-07-07T08:17:39+02:00 INFO (6): Caught Exception: Connect Error: SQLSTATE[HY000] [2006] MySQL server has gone away -- File: E:\xampp\htdocs\de\diamond_emporium\module\Invoice\src\Invoice\Model\Xero.php Line: 318 - superadmin@gmail.com
2015-07-07T08:33:48+02:00 INFO (6): Caught Exception: oauth_problem=token_rejected&oauth_problem_advice=The organisation for this access token is not active -- File: E:\xampp\htdocs\de\diamond_emporium\module\Invoice\src\Invoice\Model\Xero.php Line: 444 - superadmin@gmail.com
2015-07-07T11:26:57+02:00 INFO (6): Caught Exception:  -- File: E:\xampp\htdocs\de\diamond_emporium\module\Invoice\src\Invoice\Model\Xero.php Line: 525 - superadmin@gmail.com
2015-07-07T11:28:01+02:00 INFO (6): Caught Exception:  -- File: E:\xampp\htdocs\de\diamond_emporium\module\Invoice\src\Invoice\Model\Xero.php Line: 525 - superadmin@gmail.com
2015-07-07T11:29:37+02:00 INFO (6): Caught Exception:  -- File: E:\xampp\htdocs\de\diamond_emporium\module\Invoice\src\Invoice\Model\Xero.php Line: 525 - superadmin@gmail.com
2015-07-07T11:30:05+02:00 INFO (6): Caught Exception:  -- File: E:\xampp\htdocs\de\diamond_emporium\module\Invoice\src\Invoice\Model\Xero.php Line: 525 - superadmin@gmail.com
2015-07-07T11:30:28+02:00 INFO (6): Caught Exception:  -- File: E:\xampp\htdocs\de\diamond_emporium\module\Invoice\src\Invoice\Model\Xero.php Line: 525 - superadmin@gmail.com
2015-07-07T11:34:06+02:00 INFO (6): Caught Exception:  -- File: E:\xampp\htdocs\de\diamond_emporium\module\Invoice\src\Invoice\Model\Xero.php Line: 523 - superadmin@gmail.com
2015-07-07T11:41:17+02:00 INFO (6): Caught Exception:  -- File: E:\xampp\htdocs\de\diamond_emporium\module\Invoice\src\Invoice\Model\Xero.php Line: 527 - superadmin@gmail.com
2015-07-07T12:34:51+02:00 INFO (6): Caught Exception: oauth_problem=token_rejected&oauth_problem_advice=The organisation for this access token is not active -- File: E:\xampp\htdocs\de\diamond_emporium\module\Invoice\src\Invoice\Model\Xero.php Line: 447 - superadmin@gmail.com
2015-07-07T12:35:09+02:00 INFO (6): Caught Exception: oauth_problem=token_rejected&oauth_problem_advice=The organisation for this access token is not active -- File: E:\xampp\htdocs\de\diamond_emporium\module\Invoice\src\Invoice\Model\Xero.php Line: 447 - superadmin@gmail.com
2015-07-07T12:35:12+02:00 INFO (6): Caught Exception: oauth_problem=token_rejected&oauth_problem_advice=The organisation for this access token is not active -- File: E:\xampp\htdocs\de\diamond_emporium\module\Invoice\src\Invoice\Model\Xero.php Line: 447 - superadmin@gmail.com
2015-07-07T13:08:43+02:00 INFO (6): Caught Exception: oauth_problem=token_rejected&oauth_problem_advice=The organisation for this access token is not active -- File: E:\xampp\htdocs\de\diamond_emporium\module\Invoice\src\Invoice\Model\Xero.php Line: 447 - superadmin@gmail.com
2015-07-07T16:16:26+02:00 INFO (6): Caught Exception: oauth_problem=token_rejected&oauth_problem_advice=The organisation for this access token is not active -- File: E:\xampp\htdocs\de\diamond_emporium\module\Invoice\src\Invoice\Model\Xero.php Line: 449 - superadmin@gmail.com
2015-07-07T16:32:17+02:00 INFO (6): Caught Exception: oauth_problem=token_rejected&oauth_problem_advice=The organisation for this access token is not active -- File: E:\xampp\htdocs\de\diamond_emporium\module\Invoice\src\Invoice\Model\Xero.php Line: 449 - superadmin@gmail.com
2015-07-07T16:37:32+02:00 INFO (6): Caught Exception: oauth_problem=token_rejected&oauth_problem_advice=The organisation for this access token is not active -- File: E:\xampp\htdocs\de\diamond_emporium\module\Invoice\src\Invoice\Model\Xero.php Line: 449 - superadmin@gmail.com
2015-07-09T07:50:40+02:00 INFO (6): Caught Exception: oauth_problem=token_rejected&oauth_problem_advice=The organisation for this access token is not active -- File: E:\xampp\htdocs\de\diamond_emporium\module\Invoice\src\Invoice\Model\Xero.php Line: 449 - superadmin@gmail.com
2015-07-09T07:51:50+02:00 INFO (6): Caught Exception: oauth_problem=token_rejected&oauth_problem_advice=The organisation for this access token is not active -- File: E:\xampp\htdocs\de\diamond_emporium\module\Invoice\src\Invoice\Model\Xero.php Line: 449 - superadmin@gmail.com
2015-07-09T07:59:26+02:00 INFO (6): Caught Exception: Zend\Db\Sql\Select::limit expects parameter to be numeric, "NULL" given -- File: E:\xampp\htdocs\de\diamond_emporium\module\Invoice\src\Invoice\Model\Xero.php Line: 326 - superadmin@gmail.com
2015-07-09T07:59:56+02:00 INFO (6): Caught Exception: Zend\Db\Sql\Select::limit expects parameter to be numeric, "NULL" given -- File: E:\xampp\htdocs\de\diamond_emporium\module\Invoice\src\Invoice\Model\Xero.php Line: 326 - superadmin@gmail.com
2015-07-09T09:48:42+02:00 INFO (6): Caught Exception: Statement could not be executed (42S22 - 1054 - Unknown column 'inv.exp_delivery_date' in 'field list') -- File: E:\xampp\htdocs\de\diamond_emporium\module\Invoice\src\Invoice\Model\InvoiceTable.php Line: 115 - superadmin@gmail.com
2015-07-09T13:10:36+02:00 INFO (6): Caught Exception: Statement could not be executed (42S22 - 1054 - Unknown column 'CONCAT`(`u.first_name' in 'order clause') -- File: E:\xampp\htdocs\de\diamond_emporium\module\Order\src\Order\Model\OrderTable.php Line: 155 - superadmin@gmail.com
2015-07-09T13:10:40+02:00 INFO (6): Caught Exception: Statement could not be executed (42S22 - 1054 - Unknown column 'CONCAT`(`u.first_name' in 'order clause') -- File: E:\xampp\htdocs\de\diamond_emporium\module\Order\src\Order\Model\OrderTable.php Line: 155 - superadmin@gmail.com
2015-07-09T13:13:13+02:00 INFO (6): Caught Exception: Statement could not be executed (42S22 - 1054 - Unknown column 'CONCAT`(`u.first_name' in 'order clause') -- File: E:\xampp\htdocs\de\diamond_emporium\module\Order\src\Order\Model\OrderTable.php Line: 155 - superadmin@gmail.com
2015-07-09T13:13:16+02:00 INFO (6): Caught Exception: Statement could not be executed (42S22 - 1054 - Unknown column 'CONCAT`(`u.first_name' in 'order clause') -- File: E:\xampp\htdocs\de\diamond_emporium\module\Order\src\Order\Model\OrderTable.php Line: 155 - superadmin@gmail.com
2015-07-09T16:05:36+02:00 INFO (6): Caught Exception: Statement could not be executed (42S22 - 1054 - Unknown column 'cust.customer_name' in 'order clause') -- File: E:\xampp\htdocs\de\diamond_emporium\module\Order\src\Order\Model\JobPacketTable.php Line: 103 - superadmin@gmail.com
2015-07-09T16:07:04+02:00 INFO (6): Caught Exception: Statement could not be executed (42S22 - 1054 - Unknown column 'cust.customer_name' in 'order clause') -- File: E:\xampp\htdocs\de\diamond_emporium\module\Order\src\Order\Model\JobPacketTable.php Line: 103 - superadmin@gmail.com
2015-07-09T16:07:46+02:00 INFO (6): Caught Exception: Statement could not be executed (42S22 - 1054 - Unknown column 'job.due_days' in 'order clause') -- File: E:\xampp\htdocs\de\diamond_emporium\module\Order\src\Order\Model\JobPacketTable.php Line: 103 - superadmin@gmail.com
2015-07-09T16:08:22+02:00 INFO (6): Caught Exception: Statement could not be executed (42S22 - 1054 - Unknown column 'cust.customer_name' in 'order clause') -- File: E:\xampp\htdocs\de\diamond_emporium\module\Order\src\Order\Model\JobPacketTable.php Line: 103 - superadmin@gmail.com
2015-07-10T08:51:25+02:00 INFO (6): Caught Exception: Statement could not be executed (HY000 - 1364 - Field 'items' doesn't have a default value) -- File: E:\xampp\htdocs\de\diamond_emporium\module\Order\src\Order\Model\JobPacketTable.php Line: 31 - superadmin@gmail.com
2015-07-10T13:09:23+02:00 INFO (6): Caught Exception: Statement could not be executed (42S22 - 1054 - Unknown column 'u.first_name' in 'field list') -- File: E:\xampp\htdocs\de\diamond_emporium\module\Order\src\Order\Model\OrderTable.php Line: 321 - superadmin@gmail.com
2015-07-10T13:11:17+02:00 INFO (6): Caught Exception: Statement could not be executed (42S22 - 1054 - Unknown column 'u.first_name' in 'field list') -- File: E:\xampp\htdocs\de\diamond_emporium\module\Order\src\Order\Model\OrderTable.php Line: 321 - superadmin@gmail.com
2015-07-10T13:12:42+02:00 INFO (6): Caught Exception: Statement could not be executed (42S22 - 1054 - Unknown column 'owner.id' in 'on clause') -- File: E:\xampp\htdocs\de\diamond_emporium\module\Order\src\Order\Model\OrderTable.php Line: 321 - superadmin@gmail.com
2015-07-13T11:47:28+02:00 INFO (6): Caught Exception: Connect Error: SQLSTATE[HY000] [2002] php_network_getaddresses: getaddrinfo failed: No such host is known.  -- File: E:\xampp\htdocs\de\diamond_emporium\module\Inventory\src\Inventory\Model\LookupTable.php Line: 252 - superadmin@gmail.com
2015-07-13T11:47:30+02:00 INFO (6): Caught Exception: Connect Error: SQLSTATE[HY000] [2002] php_network_getaddresses: getaddrinfo failed: No such host is known.  -- File: E:\xampp\htdocs\de\diamond_emporium\module\Inventory\src\Inventory\Model\LookupTable.php Line: 294 - superadmin@gmail.com
2015-07-13T11:47:32+02:00 INFO (6): Caught Exception: Connect Error: SQLSTATE[HY000] [2002] php_network_getaddresses: getaddrinfo failed: No such host is known.  -- File: E:\xampp\htdocs\de\diamond_emporium\module\Inventory\src\Inventory\Model\ConsignTable.php Line: 189 - superadmin@gmail.com
2015-07-13T11:47:34+02:00 INFO (6): Caught Exception: Connect Error: SQLSTATE[HY000] [2002] php_network_getaddresses: getaddrinfo failed: No such host is known.  -- File: E:\xampp\htdocs\de\diamond_emporium\module\Inventory\src\Inventory\Model\LookupTable.php Line: 210 - superadmin@gmail.com
2015-07-13T11:51:36+02:00 INFO (6): Caught Exception: Connect Error: SQLSTATE[HY000] [2002] php_network_getaddresses: getaddrinfo failed: No such host is known.  -- File: E:\xampp\htdocs\de\diamond_emporium\module\Order\src\Order\Model\OrderTable.php Line: 285 - superadmin@gmail.com
2015-07-13T11:51:39+02:00 INFO (6): Caught Exception: Connect Error: SQLSTATE[HY000] [2002] php_network_getaddresses: getaddrinfo failed: No such host is known.  -- File: E:\xampp\htdocs\de\diamond_emporium\module\Order\src\Order\Model\OrderTable.php Line: 321 - superadmin@gmail.com
2015-07-13T11:51:41+02:00 INFO (6): Caught Exception: Connect Error: SQLSTATE[HY000] [2002] php_network_getaddresses: getaddrinfo failed: No such host is known.  -- File: E:\xampp\htdocs\de\diamond_emporium\module\Invoice\src\Invoice\Model\InvoiceTable.php Line: 48 - superadmin@gmail.com
2015-07-13T13:44:10+02:00 INFO (6): Caught Exception: Statement could not be executed (42S22 - 1054 - Unknown column 'status' in 'field list') -- File: E:\xampp\htdocs\de\diamond_emporium\module\Order\src\Order\Model\PrototypeTable.php Line: 41 - superadmin@gmail.com
2015-07-13T13:51:37+02:00 INFO (6): Caught Exception: Statement could not be executed (42S22 - 1054 - Unknown column 'job_id' in 'field list') -- File: E:\xampp\htdocs\de\diamond_emporium\module\Order\src\Order\Model\PrototypeTable.php Line: 41 - superadmin@gmail.com
2015-07-13T13:52:28+02:00 INFO (6): Caught Exception: Statement could not be executed (HY000 - 1364 - Field 'email_requirement' doesn't have a default value) -- File: E:\xampp\htdocs\de\diamond_emporium\module\Order\src\Order\Model\PrototypeTable.php Line: 41 - superadmin@gmail.com
2015-07-13T13:53:04+02:00 INFO (6): Caught Exception: Statement could not be executed (HY000 - 1364 - Field 'email_requirement' doesn't have a default value) -- File: E:\xampp\htdocs\de\diamond_emporium\module\Order\src\Order\Model\PrototypeTable.php Line: 41 - superadmin@gmail.com
2015-07-13T13:53:13+02:00 INFO (6): Caught Exception: Statement could not be executed (HY000 - 1364 - Field 'email_requirement' doesn't have a default value) -- File: E:\xampp\htdocs\de\diamond_emporium\module\Order\src\Order\Model\PrototypeTable.php Line: 41 - superadmin@gmail.com
2015-07-13T14:13:40+02:00 INFO (6): Caught Exception: Statement could not be executed (HY000 - 1364 - Field 'email_requirement' doesn't have a default value) -- File: E:\xampp\htdocs\de\diamond_emporium\module\Order\src\Order\Model\PrototypeTable.php Line: 41 - superadmin@gmail.com
2015-07-13T14:14:54+02:00 INFO (6): Caught Exception: Statement could not be executed (22007 - 1292 - Incorrect date value: '2015-22-07' for column 'date_delivered' at row 1) -- File: E:\xampp\htdocs\de\diamond_emporium\module\Order\src\Order\Model\PrototypeTable.php Line: 41 - superadmin@gmail.com
2015-07-13T15:21:58+02:00 INFO (6): Caught Exception: Statement could not be executed (42S22 - 1054 - Unknown column 'prototype_id' in 'field list') -- File: E:\xampp\htdocs\de\diamond_emporium\module\Order\src\Order\Model\PrototypeTable.php Line: 49 - superadmin@gmail.com
2015-07-13T15:22:50+02:00 INFO (6): Caught Exception: Statement could not be executed (22007 - 1292 - Incorrect date value: '--2015-07-08' for column 'exp_delivery_date' at row 1) -- File: E:\xampp\htdocs\de\diamond_emporium\module\Order\src\Order\Model\PrototypeTable.php Line: 49 - superadmin@gmail.com
2015-07-13T15:23:40+02:00 INFO (6): Caught Exception: Statement could not be executed (22007 - 1292 - Incorrect date value: '--2015-07-08' for column 'exp_delivery_date' at row 1) -- File: E:\xampp\htdocs\de\diamond_emporium\module\Order\src\Order\Model\PrototypeTable.php Line: 49 - superadmin@gmail.com
2015-07-13T15:23:59+02:00 INFO (6): Caught Exception: Statement could not be executed (22007 - 1292 - Incorrect date value: '--2015-07-08' for column 'exp_delivery_date' at row 1) -- File: E:\xampp\htdocs\de\diamond_emporium\module\Order\src\Order\Model\PrototypeTable.php Line: 49 - superadmin@gmail.com
2015-07-13T15:49:40+02:00 INFO (6): Caught Exception: Statement could not be executed (42000 - 1064 - You have an error in your SQL syntax; check the manual that corresponds to your MySQL server version for the right syntax to use near ''1'' at line 1) -- File: E:\xampp\htdocs\de\diamond_emporium\module\Order\src\Order\Model\PrototypeTable.php Line: 77 - superadmin@gmail.com
2015-07-13T15:49:56+02:00 INFO (6): Caught Exception: Zend\Db\Sql\Select::limit expects parameter to be numeric, "string" given -- File: E:\xampp\htdocs\de\diamond_emporium\module\Order\src\Order\Model\PrototypeTable.php Line: 77 - superadmin@gmail.com
2015-07-13T15:50:13+02:00 INFO (6): Caught Exception: Zend\Db\Sql\Select::limit expects parameter to be numeric, "string" given -- File: E:\xampp\htdocs\de\diamond_emporium\module\Order\src\Order\Model\PrototypeTable.php Line: 77 - superadmin@gmail.com
2015-07-14T08:30:39+02:00 INFO (6): Caught Exception: Connect Error: SQLSTATE[HY000] [2002] php_network_getaddresses: getaddrinfo failed: No such host is known.  -- File: E:\xampp\htdocs\de\diamond_emporium\module\Order\src\Order\Model\OrderTable.php Line: 285 - superadmin@gmail.com
2015-07-14T08:30:41+02:00 INFO (6): Caught Exception: Connect Error: SQLSTATE[HY000] [2002] php_network_getaddresses: getaddrinfo failed: No such host is known.  -- File: E:\xampp\htdocs\de\diamond_emporium\module\Order\src\Order\Model\OrderTable.php Line: 321 - superadmin@gmail.com
2015-07-14T08:30:44+02:00 INFO (6): Caught Exception: Connect Error: SQLSTATE[HY000] [2002] php_network_getaddresses: getaddrinfo failed: No such host is known.  -- File: E:\xampp\htdocs\de\diamond_emporium\module\Invoice\src\Invoice\Model\InvoiceTable.php Line: 48 - superadmin@gmail.com
2015-07-14T08:30:52+02:00 INFO (6): Caught Exception: Connect Error: SQLSTATE[HY000] [2002] php_network_getaddresses: getaddrinfo failed: No such host is known.  -- File: E:\xampp\htdocs\de\diamond_emporium\module\Customer\src\Customer\Model\CustomersTable.php Line: 354 - superadmin@gmail.com
2015-07-14T08:52:24+02:00 INFO (6): Caught Exception: Statement could not be executed (HY000 - 1364 - Field 'job_id' doesn't have a default value) -- File: E:\xampp\htdocs\de\diamond_emporium\module\Order\src\Order\Model\PrototypeTable.php Line: 49 - superadmin@gmail.com
2015-07-14T08:53:40+02:00 INFO (6): Caught Exception: Statement could not be executed (HY000 - 1364 - Field 'job_id' doesn't have a default value) -- File: E:\xampp\htdocs\de\diamond_emporium\module\Order\src\Order\Model\PrototypeTable.php Line: 49 - superadmin@gmail.com
2015-07-14T08:54:08+02:00 INFO (6): Caught Exception: Statement could not be executed (HY000 - 1364 - Field 'job_id' doesn't have a default value) -- File: E:\xampp\htdocs\de\diamond_emporium\module\Order\src\Order\Model\PrototypeTable.php Line: 49 - superadmin@gmail.com
2015-07-14T08:55:11+02:00 INFO (6): Caught Exception: Statement could not be executed (HY000 - 1364 - Field 'job_id' doesn't have a default value) -- File: E:\xampp\htdocs\de\diamond_emporium\module\Order\src\Order\Model\PrototypeTable.php Line: 49 - superadmin@gmail.com
2015-07-14T09:00:04+02:00 INFO (6): Caught Exception: Statement could not be executed (HY000 - 1364 - Field 'job_id' doesn't have a default value) -- File: E:\xampp\htdocs\de\diamond_emporium\module\Order\src\Order\Model\PrototypeTable.php Line: 49 - superadmin@gmail.com
2015-07-14T09:01:11+02:00 INFO (6): Caught Exception: Statement could not be executed (HY000 - 1364 - Field 'job_id' doesn't have a default value) -- File: E:\xampp\htdocs\de\diamond_emporium\module\Order\src\Order\Model\PrototypeTable.php Line: 49 - superadmin@gmail.com
2015-07-14T09:02:04+02:00 INFO (6): Caught Exception: Statement could not be executed (HY000 - 1364 - Field 'job_id' doesn't have a default value) -- File: E:\xampp\htdocs\de\diamond_emporium\module\Order\src\Order\Model\PrototypeTable.php Line: 49 - superadmin@gmail.com
2015-07-14T09:05:35+02:00 INFO (6): Caught Exception: Statement could not be executed (HY000 - 1364 - Field 'job_id' doesn't have a default value) -- File: E:\xampp\htdocs\de\diamond_emporium\module\Order\src\Order\Model\PrototypeTable.php Line: 49 - superadmin@gmail.com
2015-07-14T09:32:59+02:00 INFO (6): Caught Exception: Statement could not be executed (42S22 - 1054 - Unknown column 'metal_type_opt' in 'field list') -- File: E:\xampp\htdocs\de\diamond_emporium\module\Order\src\Order\Model\PrototypeTable.php Line: 49 - superadmin@gmail.com
2015-07-14T09:33:14+02:00 INFO (6): Caught Exception: Statement could not be executed (42S22 - 1054 - Unknown column 'metal_type_opt' in 'field list') -- File: E:\xampp\htdocs\de\diamond_emporium\module\Order\src\Order\Model\PrototypeTable.php Line: 49 - superadmin@gmail.com
2015-07-14T09:33:45+02:00 INFO (6): Caught Exception: Statement could not be executed (42S22 - 1054 - Unknown column 'metal_type_opt' in 'field list') -- File: E:\xampp\htdocs\de\diamond_emporium\module\Order\src\Order\Model\PrototypeTable.php Line: 49 - superadmin@gmail.com
2015-07-14T09:34:36+02:00 INFO (6): Caught Exception: Statement could not be executed (42S22 - 1054 - Unknown column 'metal_type_opt' in 'field list') -- File: E:\xampp\htdocs\de\diamond_emporium\module\Order\src\Order\Model\PrototypeTable.php Line: 49 - superadmin@gmail.com
2015-07-15T11:29:46+02:00 INFO (6): Caught Exception: Statement could not be executed (HY000 - 1364 - Field 'items' doesn't have a default value) -- File: C:\xampp\htdocs\DE\trunk\diamond_emporium\module\Order\src\Order\Model\JobPacketTable.php Line: 31 - superadmin@gmail.com
2015-07-15T11:29:54+02:00 INFO (6): Caught Exception: Statement could not be executed (HY000 - 1364 - Field 'comment' doesn't have a default value) -- File: C:\xampp\htdocs\DE\trunk\diamond_emporium\module\Order\src\Order\Model\JobPacketTable.php Line: 31 - superadmin@gmail.com
2015-07-15T11:30:03+02:00 INFO (6): Caught Exception: Statement could not be executed (HY000 - 1364 - Field 'comment' doesn't have a default value) -- File: C:\xampp\htdocs\DE\trunk\diamond_emporium\module\Order\src\Order\Model\JobPacketTable.php Line: 31 - superadmin@gmail.com
2015-07-15T11:30:05+02:00 INFO (6): Caught Exception: Statement could not be executed (HY000 - 1364 - Field 'comment' doesn't have a default value) -- File: C:\xampp\htdocs\DE\trunk\diamond_emporium\module\Order\src\Order\Model\JobPacketTable.php Line: 31 - superadmin@gmail.com
2015-07-15T11:30:06+02:00 INFO (6): Caught Exception: Statement could not be executed (HY000 - 1364 - Field 'comment' doesn't have a default value) -- File: C:\xampp\htdocs\DE\trunk\diamond_emporium\module\Order\src\Order\Model\JobPacketTable.php Line: 31 - superadmin@gmail.com
2015-07-15T11:30:07+02:00 INFO (6): Caught Exception: Statement could not be executed (HY000 - 1364 - Field 'comment' doesn't have a default value) -- File: C:\xampp\htdocs\DE\trunk\diamond_emporium\module\Order\src\Order\Model\JobPacketTable.php Line: 31 - superadmin@gmail.com
2015-07-15T11:30:08+02:00 INFO (6): Caught Exception: Statement could not be executed (HY000 - 1364 - Field 'comment' doesn't have a default value) -- File: C:\xampp\htdocs\DE\trunk\diamond_emporium\module\Order\src\Order\Model\JobPacketTable.php Line: 31 - superadmin@gmail.com
2015-07-15T11:30:10+02:00 INFO (6): Caught Exception: Statement could not be executed (HY000 - 1364 - Field 'comment' doesn't have a default value) -- File: C:\xampp\htdocs\DE\trunk\diamond_emporium\module\Order\src\Order\Model\JobPacketTable.php Line: 31 - superadmin@gmail.com
2015-07-15T11:30:11+02:00 INFO (6): Caught Exception: Statement could not be executed (HY000 - 1364 - Field 'comment' doesn't have a default value) -- File: C:\xampp\htdocs\DE\trunk\diamond_emporium\module\Order\src\Order\Model\JobPacketTable.php Line: 31 - superadmin@gmail.com
2015-07-15T11:30:12+02:00 INFO (6): Caught Exception: Statement could not be executed (HY000 - 1364 - Field 'comment' doesn't have a default value) -- File: C:\xampp\htdocs\DE\trunk\diamond_emporium\module\Order\src\Order\Model\JobPacketTable.php Line: 31 - superadmin@gmail.com
2015-07-15T11:30:14+02:00 INFO (6): Caught Exception: Statement could not be executed (HY000 - 1364 - Field 'comment' doesn't have a default value) -- File: C:\xampp\htdocs\DE\trunk\diamond_emporium\module\Order\src\Order\Model\JobPacketTable.php Line: 31 - superadmin@gmail.com
2015-07-21T06:59:21+02:00 INFO (6): Caught Exception: Statement could not be executed (HY000 - 1364 - Field 'milestones' doesn't have a default value) -- File: C:\xampp\htdocs\DE\trunk\diamond_emporium\module\Order\src\Order\Model\JobPacketTable.php Line: 31 - superadmin@gmail.com
2015-07-21T06:59:22+02:00 INFO (6): Caught Exception: Statement could not be executed (HY000 - 1364 - Field 'milestones' doesn't have a default value) -- File: C:\xampp\htdocs\DE\trunk\diamond_emporium\module\Order\src\Order\Model\JobPacketTable.php Line: 31 - superadmin@gmail.com
2015-07-21T06:59:37+02:00 INFO (6): Caught Exception: Statement could not be executed (HY000 - 1364 - Field 'items' doesn't have a default value) -- File: C:\xampp\htdocs\DE\trunk\diamond_emporium\module\Order\src\Order\Model\JobPacketTable.php Line: 31 - superadmin@gmail.com
2015-07-21T06:59:48+02:00 INFO (6): Caught Exception: Statement could not be executed (HY000 - 1364 - Field 'comment' doesn't have a default value) -- File: C:\xampp\htdocs\DE\trunk\diamond_emporium\module\Order\src\Order\Model\JobPacketTable.php Line: 31 - superadmin@gmail.com
2015-07-21T07:00:23+02:00 INFO (6): Caught Exception: Statement could not be executed (HY000 - 1364 - Field 'comment' doesn't have a default value) -- File: C:\xampp\htdocs\DE\trunk\diamond_emporium\module\Order\src\Order\Model\JobPacketTable.php Line: 31 - superadmin@gmail.com
2015-07-21T08:37:06+02:00 INFO (6): Caught Exception: Statement could not be executed (HY000 - 1364 - Field 'milestones' doesn't have a default value) -- File: C:\xampp\htdocs\DE\trunk\diamond_emporium\module\Order\src\Order\Model\JobPacketTable.php Line: 31 - superadmin@gmail.com
2015-07-21T08:37:15+02:00 INFO (6): Caught Exception: Statement could not be executed (HY000 - 1364 - Field 'comment' doesn't have a default value) -- File: C:\xampp\htdocs\DE\trunk\diamond_emporium\module\Order\src\Order\Model\JobPacketTable.php Line: 31 - superadmin@gmail.com
2015-07-21T08:37:21+02:00 INFO (6): Caught Exception: Statement could not be executed (HY000 - 1364 - Field 'comment' doesn't have a default value) -- File: C:\xampp\htdocs\DE\trunk\diamond_emporium\module\Order\src\Order\Model\JobPacketTable.php Line: 31 - superadmin@gmail.com
2015-07-21T08:37:23+02:00 INFO (6): Caught Exception: Statement could not be executed (HY000 - 1364 - Field 'comment' doesn't have a default value) -- File: C:\xampp\htdocs\DE\trunk\diamond_emporium\module\Order\src\Order\Model\JobPacketTable.php Line: 31 - superadmin@gmail.com
2015-07-21T08:37:24+02:00 INFO (6): Caught Exception: Statement could not be executed (HY000 - 1364 - Field 'comment' doesn't have a default value) -- File: C:\xampp\htdocs\DE\trunk\diamond_emporium\module\Order\src\Order\Model\JobPacketTable.php Line: 31 - superadmin@gmail.com
2015-07-21T08:37:25+02:00 INFO (6): Caught Exception: Statement could not be executed (HY000 - 1364 - Field 'comment' doesn't have a default value) -- File: C:\xampp\htdocs\DE\trunk\diamond_emporium\module\Order\src\Order\Model\JobPacketTable.php Line: 31 - superadmin@gmail.com
2015-07-21T08:37:27+02:00 INFO (6): Caught Exception: Statement could not be executed (HY000 - 1364 - Field 'comment' doesn't have a default value) -- File: C:\xampp\htdocs\DE\trunk\diamond_emporium\module\Order\src\Order\Model\JobPacketTable.php Line: 31 - superadmin@gmail.com
2015-07-21T08:37:28+02:00 INFO (6): Caught Exception: Statement could not be executed (HY000 - 1364 - Field 'comment' doesn't have a default value) -- File: C:\xampp\htdocs\DE\trunk\diamond_emporium\module\Order\src\Order\Model\JobPacketTable.php Line: 31 - superadmin@gmail.com
2015-07-21T08:37:29+02:00 INFO (6): Caught Exception: Statement could not be executed (HY000 - 1364 - Field 'comment' doesn't have a default value) -- File: C:\xampp\htdocs\DE\trunk\diamond_emporium\module\Order\src\Order\Model\JobPacketTable.php Line: 31 - superadmin@gmail.com
2015-07-21T08:37:31+02:00 INFO (6): Caught Exception: Statement could not be executed (HY000 - 1364 - Field 'comment' doesn't have a default value) -- File: C:\xampp\htdocs\DE\trunk\diamond_emporium\module\Order\src\Order\Model\JobPacketTable.php Line: 31 - superadmin@gmail.com
2015-07-21T08:37:36+02:00 INFO (6): Caught Exception: Statement could not be executed (HY000 - 1364 - Field 'comment' doesn't have a default value) -- File: C:\xampp\htdocs\DE\trunk\diamond_emporium\module\Order\src\Order\Model\JobPacketTable.php Line: 31 - superadmin@gmail.com
2015-07-22T21:45:43+10:00 INFO (6): Caught Exception: The resource you're looking for cannot be found -- File: /home/diamond/public_html/module/Invoice/src/Invoice/Model/Xero.php Line: 469 - superadmin@gmail.com
2015-07-22T21:46:15+10:00 INFO (6): Caught Exception: Zend\View\Renderer\PhpRenderer::render: Unable to render template "/home/diamond/public_html/library/De/Service/../../../public/templates/email/approve-job-to-start.phtml"; file include failed -- File: /home/diamond/public_html/library/De/Service/EmailService.php Line: 63 - superadmin@gmail.com
2015-07-22T21:46:34+10:00 INFO (6): Caught Exception: Zend\View\Renderer\PhpRenderer::render: Unable to render template "/home/diamond/public_html/library/De/Service/../../../public/templates/email/approve-job-to-start.phtml"; file include failed -- File: /home/diamond/public_html/library/De/Service/EmailService.php Line: 63 - superadmin@gmail.com
2015-07-22T21:52:00+10:00 INFO (6): Caught Exception: 5.7.8 Username and Password not accepted. Learn more at
 5.7.8  https://support.google.com/mail/answer/14257 g10sm2979724pat.35 - gsmtp
 -- File: /home/diamond/public_html/library/De/Service/EmailService.php Line: 63 - superadmin@gmail.com
2015-07-22T21:58:27+10:00 INFO (6): Caught Exception: 5.7.14 <https://accounts.google.com/ContinueSignIn?sarp=1&scc=1&plt=AKgnsbva4
 5.7.14 VTOEbiTQTpfwq6AofvKMuioHtBxcTYFPakhF8G5j6lptuLRdEs-HBJCO1kpAGHI4qoAxDz
 5.7.14 ZIUEI8aYMO3JVyqSeoznhleBRfLE3RuVa_1A_XUXo_-noSbYnhUp58I0MW9FeUUH4pCVOu
 5.7.14 gyhb_otmOr3m_chxCgI8rivyg8tp8lLhOAATcERE7rwAfvnG034LkRwmFW_9gYDeIZhMai
 5.7.14 -sBdEvnbQ3T3zNwHbWkuOsNaq_Jk> Please log in via your web browser and
 5.7.14 then try again.
 5.7.14  Learn more at
 5.7.14  https://support.google.com/mail/answer/78754 x7sm3018800pas.28 - gsmtp
 -- File: /home/diamond/public_html/library/De/Service/EmailService.php Line: 63 - superadmin@gmail.com
2015-07-22T22:00:29+10:00 INFO (6): Caught Exception: 5.7.14 <https://accounts.google.com/ContinueSignIn?sarp=1&scc=1&plt=AKgnsbs-Y
 5.7.14 TBaiIdM0JtomKV_GW8OQDwrsGae9Ru8J9L4XRMBHiAHgOFE5GUvFkbqm3nhzL18_wr6CA6
 5.7.14 Hd6fRZzeoPjEiqJ3LlpYWNc8H2Mvj93hsWnMH7Pg-9LuMzae21ICpYLZ7E-EPFJcQyUAJj
 5.7.14 6QC6kUHkf3ec-X6Krpg31oNQKouk9He8UKKBNuKs0CZtN4QFXCj9HSEcz5jK7WR2ZRqyGZ
 5.7.14 Ov-LnLsb5BrgArouIq-2EdCDNkLU> Please log in via your web browser and
 5.7.14 then try again.
 5.7.14  Learn more at
 5.7.14  https://support.google.com/mail/answer/78754 oj15sm3013318pdb.20 - gsmtp
 -- File: /home/diamond/public_html/library/De/Service/EmailService.php Line: 63 - superadmin@gmail.com
2015-07-22T22:00:46+10:00 INFO (6): Caught Exception: The input does not match the expected structure for a DNS hostname, The input does not appear to be a valid URI hostname, The input does not appear to be a valid local network name -- File: /home/diamond/public_html/library/De/Service/EmailService.php Line: 63 - superadmin@gmail.com
2015-07-22T22:18:14+10:00 INFO (6): Caught Exception: The resource you're looking for cannot be found -- File: /home/diamond/public_html/module/Invoice/src/Invoice/Model/Xero.php Line: 469 - superadmin@gmail.com
2015-07-23T16:25:00+10:00 INFO (6): Caught Exception: The resource you're looking for cannot be found -- File: /home/diamond/public_html/module/Invoice/src/Invoice/Model/Xero.php Line: 469 - superadmin@gmail.com
2015-07-23T16:25:58+10:00 INFO (6): Caught Exception: The resource you're looking for cannot be found -- File: /home/diamond/public_html/module/Invoice/src/Invoice/Model/Xero.php Line: 469 - superadmin@gmail.com
2015-07-23T16:26:29+10:00 INFO (6): Caught Exception: The resource you're looking for cannot be found -- File: /home/diamond/public_html/module/Invoice/src/Invoice/Model/Xero.php Line: 469 - superadmin@gmail.com
2015-07-23T16:26:40+10:00 INFO (6): Caught Exception: The resource you're looking for cannot be found -- File: /home/diamond/public_html/module/Invoice/src/Invoice/Model/Xero.php Line: 469 - superadmin@gmail.com
2015-07-23T16:27:08+10:00 INFO (6): Caught Exception: The resource you're looking for cannot be found -- File: /home/diamond/public_html/module/Invoice/src/Invoice/Model/Xero.php Line: 469 - superadmin@gmail.com
2015-07-23T16:27:28+10:00 INFO (6): Caught Exception: The resource you're looking for cannot be found -- File: /home/diamond/public_html/module/Invoice/src/Invoice/Model/Xero.php Line: 469 - superadmin@gmail.com
2015-07-23T16:28:32+10:00 INFO (6): Caught Exception: The resource you're looking for cannot be found -- File: /home/diamond/public_html/module/Invoice/src/Invoice/Model/Xero.php Line: 469 - superadmin@gmail.com
2015-07-23T16:33:44+10:00 INFO (6): Caught Exception: The resource you're looking for cannot be found -- File: /home/diamond/public_html/module/Invoice/src/Invoice/Model/Xero.php Line: 469 - superadmin@gmail.com
2015-07-23T20:24:55+10:00 INFO (6): Caught Exception: The resource you're looking for cannot be found -- File: /home/diamond/public_html/module/Invoice/src/Invoice/Model/Xero.php Line: 469 - superadmin@gmail.com
2015-07-23T20:26:35+10:00 INFO (6): Caught Exception: The resource you're looking for cannot be found -- File: /home/diamond/public_html/module/Invoice/src/Invoice/Model/Xero.php Line: 469 - superadmin@gmail.com
2015-07-24T14:55:48+10:00 INFO (6): Caught Exception: You are not allowed to send from that email address
 -- File: /home/diamond/public_html/library/De/Service/EmailService.php Line: 63 - superadmin@gmail.com
2015-07-24T14:55:53+10:00 INFO (6): Caught Exception: You are not allowed to send from that email address
 -- File: /home/diamond/public_html/library/De/Service/EmailService.php Line: 63 - superadmin@gmail.com
2015-07-24T14:55:57+10:00 INFO (6): Caught Exception: You are not allowed to send from that email address
 -- File: /home/diamond/public_html/library/De/Service/EmailService.php Line: 63 - superadmin@gmail.com
2015-07-24T14:56:01+10:00 INFO (6): Caught Exception: You are not allowed to send from that email address
 -- File: /home/diamond/public_html/library/De/Service/EmailService.php Line: 63 - superadmin@gmail.com
2015-07-24T14:56:04+10:00 INFO (6): Caught Exception: You are not allowed to send from that email address
 -- File: /home/diamond/public_html/library/De/Service/EmailService.php Line: 63 - superadmin@gmail.com
2015-07-24T14:56:08+10:00 INFO (6): Caught Exception: You are not allowed to send from that email address
 -- File: /home/diamond/public_html/library/De/Service/EmailService.php Line: 63 - superadmin@gmail.com
2015-07-24T14:56:12+10:00 INFO (6): Caught Exception: You are not allowed to send from that email address
 -- File: /home/diamond/public_html/library/De/Service/EmailService.php Line: 63 - superadmin@gmail.com
2015-07-24T14:56:16+10:00 INFO (6): Caught Exception: You are not allowed to send from that email address
 -- File: /home/diamond/public_html/library/De/Service/EmailService.php Line: 63 - superadmin@gmail.com
2015-07-24T14:56:19+10:00 INFO (6): Caught Exception: You are not allowed to send from that email address
 -- File: /home/diamond/public_html/library/De/Service/EmailService.php Line: 63 - superadmin@gmail.com
2015-07-28T23:15:15+10:00 INFO (6): Caught Exception: Your daily email allowance is exhausted
 -- File: /home/diamond/public_html/library/De/Service/EmailService.php Line: 160 - superadmin@gmail.com
2015-07-28T23:16:19+10:00 INFO (6): Caught Exception: Your daily email allowance is exhausted
 -- File: /home/diamond/public_html/library/De/Service/EmailService.php Line: 160 - superadmin@gmail.com
2015-07-28T23:21:14+10:00 INFO (6): Caught Exception: Incorrect authentication data
 -- File: /home/diamond/public_html/library/De/Service/EmailService.php Line: 160 - superadmin@gmail.com
2015-07-29T17:29:43+10:00 INFO (6): Caught Exception: Zend\Mail\Message::addFrom expects a string, AddressInterface, array, AddressList, or Traversable as its first argument; received "NULL" -- File: /home/diamond/public_html/library/De/Service/EmailService.php Line: 218 - superadmin@gmail.com
2015-07-29T17:30:32+10:00 INFO (6): Caught Exception: Zend\Mail\Message::addFrom expects a string, AddressInterface, array, AddressList, or Traversable as its first argument; received "NULL" -- File: /home/diamond/public_html/library/De/Service/EmailService.php Line: 218 - superadmin@gmail.com
2015-07-29T17:32:02+10:00 INFO (6): Caught Exception: Zend\Mail\Transport\Smtp transport expects either a Sender or at least one From address in the Message; none provided -- File: /home/diamond/public_html/library/De/Service/EmailService.php Line: 216 - superadmin@gmail.com
2015-07-29T20:04:15+10:00 INFO (6): Caught Exception: Zend\Mail\Message::addFrom expects a string, AddressInterface, array, AddressList, or Traversable as its first argument; received "NULL" -- File: /home/diamond/public_html/library/De/Service/EmailService.php Line: 213 - superadmin@gmail.com
2015-07-29T20:05:36+10:00 INFO (6): Caught Exception: Zend\Mail\Message::addFrom expects a string, AddressInterface, array, AddressList, or Traversable as its first argument; received "NULL" -- File: /home/diamond/public_html/library/De/Service/EmailService.php Line: 213 - superadmin@gmail.com
2015-08-03T09:50:57+10:00 INFO (6): Caught Exception: oauth_problem=token_rejected&oauth_problem_advice=The organisation for this access token is not active -- File: /home/diamond/public_html/module/Invoice/src/Invoice/Model/Xero.php Line: 511 - superadmin@gmail.com
2015-08-03T09:51:18+10:00 INFO (6): Caught Exception: oauth_problem=token_rejected&oauth_problem_advice=The organisation for this access token is not active -- File: /home/diamond/public_html/module/Invoice/src/Invoice/Model/Xero.php Line: 511 - superadmin@gmail.com
2015-08-03T09:51:36+10:00 INFO (6): Caught Exception: oauth_problem=token_rejected&oauth_problem_advice=The organisation for this access token is not active -- File: /home/diamond/public_html/module/Invoice/src/Invoice/Model/Xero.php Line: 511 - superadmin@gmail.com
2015-08-03T09:51:43+10:00 INFO (6): Caught Exception: oauth_problem=token_rejected&oauth_problem_advice=The organisation for this access token is not active -- File: /home/diamond/public_html/module/Invoice/src/Invoice/Model/Xero.php Line: 511 - superadmin@gmail.com
2015-08-03T09:57:01+10:00 INFO (6): Caught Exception: oauth_problem=token_rejected&oauth_problem_advice=The organisation for this access token is not active -- File: /home/diamond/public_html/module/Invoice/src/Invoice/Model/Xero.php Line: 511 - superadmin@gmail.com
2015-08-03T09:57:14+10:00 INFO (6): Caught Exception: oauth_problem=token_rejected&oauth_problem_advice=The organisation for this access token is not active -- File: /home/diamond/public_html/module/Invoice/src/Invoice/Model/Xero.php Line: 511 - superadmin@gmail.com
2015-08-03T09:57:18+10:00 INFO (6): Caught Exception: oauth_problem=token_rejected&oauth_problem_advice=The organisation for this access token is not active -- File: /home/diamond/public_html/module/Invoice/src/Invoice/Model/Xero.php Line: 511 - superadmin@gmail.com
2015-08-03T10:15:57+10:00 INFO (6): Caught Exception: oauth_problem=token_rejected&oauth_problem_advice=The organisation for this access token is not active -- File: /home/diamond/public_html/module/Invoice/src/Invoice/Model/Xero.php Line: 511 - superadmin@gmail.com
2015-08-03T10:54:46+10:00 INFO (6): Caught Exception: oauth_problem=token_rejected&oauth_problem_advice=The organisation for this access token is not active -- File: /home/diamond/public_html/module/Invoice/src/Invoice/Model/Xero.php Line: 511 - superadmin@gmail.com
2015-08-03T11:05:30+10:00 INFO (6): Caught Exception: oauth_problem=token_rejected&oauth_problem_advice=The organisation for this access token is not active -- File: /home/diamond/public_html/module/Invoice/src/Invoice/Model/Xero.php Line: 511 - superadmin@gmail.com
2015-08-03T11:14:24+10:00 INFO (6): Caught Exception: oauth_problem=token_rejected&oauth_problem_advice=The organisation for this access token is not active -- File: /home/diamond/public_html/module/Invoice/src/Invoice/Model/Xero.php Line: 511 - superadmin@gmail.com
2015-08-03T11:14:37+10:00 INFO (6): Caught Exception: oauth_problem=token_rejected&oauth_problem_advice=The organisation for this access token is not active -- File: /home/diamond/public_html/module/Invoice/src/Invoice/Model/Xero.php Line: 511 - superadmin@gmail.com
2015-08-03T11:14:46+10:00 INFO (6): Caught Exception: oauth_problem=token_rejected&oauth_problem_advice=The organisation for this access token is not active -- File: /home/diamond/public_html/module/Invoice/src/Invoice/Model/Xero.php Line: 511 - superadmin@gmail.com
2015-08-03T11:26:58+10:00 INFO (6): Caught Exception: oauth_problem=token_rejected&oauth_problem_advice=The organisation for this access token is not active -- File: /home/diamond/public_html/module/Invoice/src/Invoice/Model/Xero.php Line: 511 - superadmin@gmail.com
2015-08-03T11:28:40+10:00 INFO (6): Caught Exception: oauth_problem=token_rejected&oauth_problem_advice=The organisation for this access token is not active -- File: /home/diamond/public_html/module/Invoice/src/Invoice/Model/Xero.php Line: 469 - superadmin@gmail.com
2015-08-03T11:38:11+10:00 INFO (6): Caught Exception: oauth_problem=token_rejected&oauth_problem_advice=The organisation for this access token is not active -- File: /home/diamond/public_html/module/Invoice/src/Invoice/Model/Xero.php Line: 511 - superadmin@gmail.com
2015-08-03T11:55:13+10:00 INFO (6): Caught Exception: oauth_problem=token_rejected&oauth_problem_advice=The organisation for this access token is not active -- File: /home/diamond/public_html/module/Invoice/src/Invoice/Model/Xero.php Line: 511 - superadmin@gmail.com
2015-08-03T11:57:18+10:00 INFO (6): Caught Exception: oauth_problem=token_rejected&oauth_problem_advice=The organisation for this access token is not active -- File: /home/diamond/public_html/module/Invoice/src/Invoice/Model/Xero.php Line: 511 - superadmin@gmail.com
2015-08-03T11:58:24+10:00 INFO (6): Caught Exception: oauth_problem=token_rejected&oauth_problem_advice=The organisation for this access token is not active -- File: /home/diamond/public_html/module/Invoice/src/Invoice/Model/Xero.php Line: 511 - superadmin@gmail.com
2015-08-03T11:59:55+10:00 INFO (6): Caught Exception: oauth_problem=token_rejected&oauth_problem_advice=The organisation for this access token is not active -- File: /home/diamond/public_html/module/Invoice/src/Invoice/Model/Xero.php Line: 511 - superadmin@gmail.com
2015-08-04T17:22:56+10:00 INFO (6): Caught Exception: oauth_problem=token_rejected&oauth_problem_advice=The organisation for this access token is not active -- File: /home/diamond/public_html/module/Invoice/src/Invoice/Model/Xero.php Line: 511 - superadmin@gmail.com
2015-08-05T22:34:26+10:00 INFO (6): Caught Exception: oauth_problem=token_rejected&oauth_problem_advice=The organisation for this access token is not active -- File: /home/diamond/public_html/module/Invoice/src/Invoice/Model/Xero.php Line: 136 - superadmin@gmail.com
2015-08-05T22:35:30+10:00 INFO (6): Caught Exception: oauth_problem=token_rejected&oauth_problem_advice=The organisation for this access token is not active -- File: /home/diamond/public_html/module/Invoice/src/Invoice/Model/Xero.php Line: 136 - superadmin@gmail.com
2015-08-06T14:56:53+10:00 INFO (6): Caught Exception: oauth_problem=token_rejected&oauth_problem_advice=The organisation for this access token is not active -- File: /home/diamond/public_html/module/Invoice/src/Invoice/Model/Xero.php Line: 511 - superadmin@gmail.com
2015-08-06T14:58:37+10:00 INFO (6): Caught Exception: oauth_problem=token_rejected&oauth_problem_advice=The organisation for this access token is not active -- File: /home/diamond/public_html/module/Invoice/src/Invoice/Model/Xero.php Line: 469 - superadmin@gmail.com
2015-08-06T15:52:07+10:00 INFO (6): Caught Exception: oauth_problem=token_rejected&oauth_problem_advice=The organisation for this access token is not active -- File: /home/diamond/public_html/module/Invoice/src/Invoice/Model/Xero.php Line: 511 - superadmin@gmail.com
2015-08-06T19:22:34+10:00 INFO (6): Caught Exception: oauth_problem=token_rejected&oauth_problem_advice=The organisation for this access token is not active -- File: /home/diamond/public_html/module/Invoice/src/Invoice/Model/Xero.php Line: 511 - superadmin@gmail.com
2015-08-06T19:24:47+10:00 INFO (6): Caught Exception: oauth_problem=token_rejected&oauth_problem_advice=The organisation for this access token is not active -- File: /home/diamond/public_html/module/Invoice/src/Invoice/Model/Xero.php Line: 511 - superadmin@gmail.com
